<?xml version="1.0" encoding="UTF-8"?>
<!-- Generated by org.testng.reporters.JUnitReportReporter -->
<testsuite skipped="0" hostname="BOMC9082093.local" name="com.com.bancodebogota.test.Prueba1" tests="4" failures="0" timestamp="2021-03-09T16:06:17 COT" time="162.013" errors="0">
  <testcase name="f2" time="30.553" classname="com.com.bancodebogota.test.Prueba1"/>
  <system-out/>
  <testcase name="f1" time="53.505" classname="com.com.bancodebogota.test.Prueba1"/>
  <system-out/>
  <testcase name="f1" time="50.429" classname="com.com.bancodebogota.test.Prueba1"/>
  <system-out/>
  <testcase name="f2" time="27.526" classname="com.com.bancodebogota.test.Prueba1"/>
  <system-out/>
</testsuite> <!-- com.com.bancodebogota.test.Prueba1 -->
